[08:06:37.368 Verbose] - BuildManager - C:\dev\private\advent-of-code\AdventOfCode.2020\AdventOfCode.2020.Day1\ExpenseReportCalculator.cs(9,44): error CS0161: 'ExpenseReportCalculator.FindTwoNumbersThatSumTo(int[])': not all code paths return a value
[08:06:37.368 Verbose] - BuildManager - C:\Program Files (x86)\Microsoft Visual Studio\2019\Enterprise\MSBuild\Current\Bin\Roslyn\Microsoft.CSharp.Core.targets(71,5): error MSB4181: The "Csc" task returned false but did not log an error.
[08:06:37.371 Verbose] - BuildManager - Some of the file paths defined in the csproj under the Live Unit Testing build path are missing. Verify whether these files should be present under the Live Unit Testing build path and if necessary update the csproj definition to look these files up in a different place.
[08:06:37.372 Verbose] - BuildManager - Item _OutputPathItem 'C:\dev\private\advent-of-code\AdventOfCode.2020\.vs\AdventOfCode.2020\v16\lut\0\b\AdventOfCode.2020.Day1\Debug\netcoreapp3.1\' evaluated via:
_OutputPathItem: '$(OutDir)' @ C:\Program Files (x86)\Microsoft Visual Studio\2019\Enterprise\MSBuild\Current\Bin\Microsoft.Common.CurrentVersion.targets:275
  OutDir: '$(OutputPath)' @ C:\Program Files (x86)\Microsoft Visual Studio\2019\Enterprise\MSBuild\Current\Bin\Microsoft.Common.CurrentVersion.targets:194
    OutputPath: '$(OutputPath)$(TargetFramework.ToLowerInvariant())\' @ C:\Program Files\dotnet\sdk\5.0.100\Sdks\Microsoft.NET.Sdk\targets\Microsoft.NET.TargetFrameworkInference.targets:246
      OutputPath: '$(BaseOutputPath)$(Configuration)\' @ C:\Program Files\dotnet\sdk\5.0.100\Sdks\Microsoft.NET.Sdk\targets\Microsoft.NET.DefaultOutputPaths.targets:33
        BaseOutputPath: 'C:\dev\private\advent-of-code\AdventOfCode.2020\.vs\AdventOfCode.2020\v16\lut\0\b\AdventOfCode.2020.Day1\' @ C:\dev\private\advent-of-code\AdventOfCode.2020\AdventOfCode.2020.Day1\AdventOfCode.2020.Day1.csproj:0
        Configuration: 'Debug'
[08:06:37.372 Verbose] - BuildManager - Item AppConfigFileDestination 'C:\dev\private\advent-of-code\AdventOfCode.2020\.vs\AdventOfCode.2020\v16\lut\0\b\AdventOfCode.2020.Day1\Debug\netcoreapp3.1\AdventOfCode.2020.Day1.dll.config' evaluated via:
AppConfigFileDestination: '$(OutDir)$(TargetFileName).config' @ C:\Program Files (x86)\Microsoft Visual Studio\2019\Enterprise\MSBuild\Current\Bin\Microsoft.Common.CurrentVersion.targets:306
  OutDir: '$(OutputPath)' @ C:\Program Files (x86)\Microsoft Visual Studio\2019\Enterprise\MSBuild\Current\Bin\Microsoft.Common.CurrentVersion.targets:194
    OutputPath: '$(OutputPath)$(TargetFramework.ToLowerInvariant())\' @ C:\Program Files\dotnet\sdk\5.0.100\Sdks\Microsoft.NET.Sdk\targets\Microsoft.NET.TargetFrameworkInference.targets:246
      OutputPath: '$(BaseOutputPath)$(Configuration)\' @ C:\Program Files\dotnet\sdk\5.0.100\Sdks\Microsoft.NET.Sdk\targets\Microsoft.NET.DefaultOutputPaths.targets:33
        BaseOutputPath: 'C:\dev\private\advent-of-code\AdventOfCode.2020\.vs\AdventOfCode.2020\v16\lut\0\b\AdventOfCode.2020.Day1\' @ C:\dev\private\advent-of-code\AdventOfCode.2020\AdventOfCode.2020.Day1\AdventOfCode.2020.Day1.csproj:0
        Configuration: 'Debug'
  TargetFileName: '$(TargetName)$(TargetExt)' @ C:\Program Files (x86)\Microsoft Visual Studio\2019\Enterprise\MSBuild\Current\Bin\Microsoft.Common.CurrentVersion.targets:213
    TargetName: '$(AssemblyName)' @ C:\Program Files (x86)\Microsoft Visual Studio\2019\Enterprise\MSBuild\Current\Bin\Microsoft.Common.CurrentVersion.targets:205
      AssemblyName: '$(MSBuildProjectName)' @ C:\Program Files\dotnet\sdk\5.0.100\Sdks\Microsoft.NET.Sdk\targets\Microsoft.NET.Sdk.props:32
        MSBuildProjectName: 'AdventOfCode.2020.Day1'
    TargetExt: '.dll' @ C:\Program Files\dotnet\sdk\5.0.100\Sdks\Microsoft.NET.Sdk\targets\Microsoft.NET.Sdk.BeforeCommon.targets:98
[08:06:37.372 Verbose] - BuildManager - Item _DebugSymbolsOutputPath 'C:\dev\private\advent-of-code\AdventOfCode.2020\.vs\AdventOfCode.2020\v16\lut\0\b\AdventOfCode.2020.Day1\Debug\netcoreapp3.1\AdventOfCode.2020.Day1.pdb' evaluated via:
_DebugSymbolsOutputPath: '@(_DebugSymbolsIntermediatePath->'$(OutDir)%(Filename)%(Extension)')' @ C:\Program Files (x86)\Microsoft Visual Studio\2019\Enterprise\MSBuild\Current\Bin\Microsoft.Common.CurrentVersion.targets:375
  OutDir: '$(OutputPath)' @ C:\Program Files (x86)\Microsoft Visual Studio\2019\Enterprise\MSBuild\Current\Bin\Microsoft.Common.CurrentVersion.targets:194
    OutputPath: '$(OutputPath)$(TargetFramework.ToLowerInvariant())\' @ C:\Program Files\dotnet\sdk\5.0.100\Sdks\Microsoft.NET.Sdk\targets\Microsoft.NET.TargetFrameworkInference.targets:246
      OutputPath: '$(BaseOutputPath)$(Configuration)\' @ C:\Program Files\dotnet\sdk\5.0.100\Sdks\Microsoft.NET.Sdk\targets\Microsoft.NET.DefaultOutputPaths.targets:33
        BaseOutputPath: 'C:\dev\private\advent-of-code\AdventOfCode.2020\.vs\AdventOfCode.2020\v16\lut\0\b\AdventOfCode.2020.Day1\' @ C:\dev\private\advent-of-code\AdventOfCode.2020\AdventOfCode.2020.Day1\AdventOfCode.2020.Day1.csproj:0
        Configuration: 'Debug'
[08:06:37.372 Verbose] - BuildManager - Item _ApplicationManifestFinal 'C:\dev\private\advent-of-code\AdventOfCode.2020\.vs\AdventOfCode.2020\v16\lut\0\b\AdventOfCode.2020.Day1\Debug\netcoreapp3.1\Native.AdventOfCode.2020.Day1.manifest' evaluated via:
_ApplicationManifestFinal: '$(OutDir)$(_DeploymentTargetApplicationManifestFileName)' @ C:\Program Files (x86)\Microsoft Visual Studio\2019\Enterprise\MSBuild\Current\Bin\Microsoft.Common.CurrentVersion.targets:413
  OutDir: '$(OutputPath)' @ C:\Program Files (x86)\Microsoft Visual Studio\2019\Enterprise\MSBuild\Current\Bin\Microsoft.Common.CurrentVersion.targets:194
    OutputPath: '$(OutputPath)$(TargetFramework.ToLowerInvariant())\' @ C:\Program Files\dotnet\sdk\5.0.100\Sdks\Microsoft.NET.Sdk\targets\Microsoft.NET.TargetFrameworkInference.targets:246
      OutputPath: '$(BaseOutputPath)$(Configuration)\' @ C:\Program Files\dotnet\sdk\5.0.100\Sdks\Microsoft.NET.Sdk\targets\Microsoft.NET.DefaultOutputPaths.targets:33
        BaseOutputPath: 'C:\dev\private\advent-of-code\AdventOfCode.2020\.vs\AdventOfCode.2020\v16\lut\0\b\AdventOfCode.2020.Day1\' @ C:\dev\private\advent-of-code\AdventOfCode.2020\AdventOfCode.2020.Day1\AdventOfCode.2020.Day1.csproj:0
        Configuration: 'Debug'
  _DeploymentTargetApplicationManifestFileName: 'Native.$(AssemblyName).manifest' @ C:\Program Files (x86)\Microsoft Visual Studio\2019\Enterprise\MSBuild\Current\Bin\Microsoft.Common.CurrentVersion.targets:229
    AssemblyName: '$(MSBuildProjectName)' @ C:\Program Files\dotnet\sdk\5.0.100\Sdks\Microsoft.NET.Sdk\targets\Microsoft.NET.Sdk.props:32
      MSBuildProjectName: 'AdventOfCode.2020.Day1'
